<?xml version='1.0' encoding='UTF-8'?>
<testsuite hostname="LAPTOP-OBCNTCK2" name="MyListTests" tests="21" errors="0" failures="0" skipped="0" time="0.03" timestamp="2022-08-20T17:09:51">
          <properties>
[...]
</properties>
          <testcase classname="MyListTests" name="ex 3.1" time="0.02">
                      
                    </testcase><testcase classname="MyListTests" name="tail of regular list" time="0.0">
                      
                    </testcase><testcase classname="MyListTests" name="tail of 2 element list" time="0.001">
                      
                    </testcase><testcase classname="MyListTests" name="tail of Nil" time="0.0">
                      
                    </testcase><testcase classname="MyListTests" name="setHead with Ints" time="0.001">
                      
                    </testcase><testcase classname="MyListTests" name="setHead with Strings" time="0.0">
                      
                    </testcase><testcase classname="MyListTests" name="setHead with a Nil list" time="0.001">
                      
                    </testcase><testcase classname="MyListTests" name="drop 0" time="0.0">
                      
                    </testcase><testcase classname="MyListTests" name="drop 1" time="0.001">
                      
                    </testcase><testcase classname="MyListTests" name="drop 2" time="0.0">
                      
                    </testcase><testcase classname="MyListTests" name="drop 3" time="0.0">
                      
                    </testcase><testcase classname="MyListTests" name="drop 4" time="0.0">
                      
                    </testcase><testcase classname="MyListTests" name="dropWhile x is less than 4" time="0.001">
                      
                    </testcase><testcase classname="MyListTests" name="dropWhile true" time="0.001">
                      
                    </testcase><testcase classname="MyListTests" name="dropWhile false" time="0.001">
                      
                    </testcase><testcase classname="MyListTests" name="dropWhile x == 2" time="0.001">
                      
                    </testcase><testcase classname="MyListTests" name="dropWhile x == 1" time="0.002">
                      
                    </testcase><testcase classname="MyListTests" name="init list of 4 ints" time="0.0">
                      
                    </testcase><testcase classname="MyListTests" name="init list of 2 ints" time="0.0">
                      
                    </testcase><testcase classname="MyListTests" name="init list of one element" time="0.0">
                      
                    </testcase><testcase classname="MyListTests" name="init Nil" time="0.0">
                      
                    </testcase>
          <system-out><![CDATA[]]></system-out>
          <system-err><![CDATA[]]></system-err>
        </testsuite>